<?xml version="1.0" encoding="UTF-8"?>
<!-- Generated by org.testng.reporters.JUnitReportReporter -->
<testsuite hostname="HP" failures="0" tests="1" name="testscript.HomePageTest" time="12.967" errors="0" timestamp="2025-03-14T10:55:33 IST" skipped="0">
  <testcase classname="testscript.HomePageTest" name="verifyUserCanLogout" time="12.967"/>
</testsuite> <!-- testscript.HomePageTest -->
